<?xml version="1.0" encoding="UTF-8"?>
<testng-results ignored="0" total="2" passed="2" failed="0" skipped="0">
  <reporter-output>
  </reporter-output>
  <suite started-at="2023-09-02T17:10:21 IST" name="Suite" finished-at="2023-09-02T17:10:23 IST" duration-ms="1815">
    <groups>
    </groups>
    <test started-at="2023-09-02T17:10:21 IST" name="Test" finished-at="2023-09-02T17:10:23 IST" duration-ms="1815">
      <class name="testcases.TimeSheetModule">
        <test-method signature="navigateToTimeSheetModule()[pri:0, instance:testcases.TimeSheetModule@24d61e4]" started-at="2023-09-02T17:10:22 IST" name="navigateToTimeSheetModule" finished-at="2023-09-02T17:10:23 IST" duration-ms="1083" status="PASS">
          <reporter-output>
          </reporter-output>
        </test-method> <!-- navigateToTimeSheetModule -->
      </class> <!-- testcases.TimeSheetModule -->
      <class name="testcases.ApplyLeaveModule">
        <test-method signature="navigateToApplyLeaveModule()[pri:0, instance:testcases.ApplyLeaveModule@625dfff3]" started-at="2023-09-02T17:10:21 IST" name="navigateToApplyLeaveModule" finished-at="2023-09-02T17:10:22 IST" duration-ms="617" status="PASS">
          <reporter-output>
          </reporter-output>
        </test-method> <!-- navigateToApplyLeaveModule -->
      </class> <!-- testcases.ApplyLeaveModule -->
    </test> <!-- Test -->
  </suite> <!-- Suite -->
</testng-results>
